<?xml version="1.0" encoding="UTF-8"?>
<!-- Generated by org.testng.reporters.JUnitReportReporter -->
<testsuite skipped="0" hostname="macpk-wks-0135" name="OrdersAPI.API.OrdersAPI" tests="18" failures="0" timestamp="2020-07-16T20:45:55 PKT" time="156.461" errors="0">
  <testcase name="Orders_Signin" time="6.660" classname="OrdersAPI.API.OrdersAPI"/>
  <testcase name="Get_Orders" time="3.477" classname="OrdersAPI.API.OrdersAPI"/>
  <testcase name="POST_Orders" time="41.308" classname="OrdersAPI.API.OrdersAPI"/>
  <testcase name="GetCreatedOrder_FromID" time="2.843" classname="OrdersAPI.API.OrdersAPI"/>
  <testcase name="GetCreatedOrder_FromNumber" time="2.972" classname="OrdersAPI.API.OrdersAPI"/>
  <testcase name="POSTNotes_Order" time="4.145" classname="OrdersAPI.API.OrdersAPI"/>
  <testcase name="UpdateNotes_Order" time="4.675" classname="OrdersAPI.API.OrdersAPI"/>
  <testcase name="GETCreatedNotes_NotesID" time="2.560" classname="OrdersAPI.API.OrdersAPI"/>
  <testcase name="GETAllNotes" time="2.590" classname="OrdersAPI.API.OrdersAPI"/>
  <testcase name="PostCustomProduct_LineItem" time="5.638" classname="OrdersAPI.API.OrdersAPI"/>
  <testcase name="GetCustomProduct_LineItem" time="9.300" classname="OrdersAPI.API.OrdersAPI"/>
  <testcase name="GetAllCustomProduct_LineItem" time="2.471" classname="OrdersAPI.API.OrdersAPI"/>
  <testcase name="Import_LineItem" time="8.749" classname="OrdersAPI.API.OrdersAPI"/>
  <testcase name="GetAmountDue_FromOrder" time="4.213" classname="OrdersAPI.API.OrdersAPI"/>
  <testcase name="PostPaymentsUnderOrder" time="4.338" classname="OrdersAPI.API.OrdersAPI"/>
  <testcase name="GetPaymentsRecordUnderOrder_PaymentID" time="2.754" classname="OrdersAPI.API.OrdersAPI"/>
  <testcase name="GetAllPaymentsRecords" time="12.384" classname="OrdersAPI.API.OrdersAPI"/>
  <testcase name="PostSalesOrders_UnderOrder" time="35.384" classname="OrdersAPI.API.OrdersAPI"/>
</testsuite> <!-- OrdersAPI.API.OrdersAPI -->
